<?xml version="1.0" encoding="utf-8"?>
<coverage line-rate="1" branch-rate="1" version="1.9" timestamp="1685569838" lines-covered="168" lines-valid="168" branches-covered="18" branches-valid="18">
  <sources>
    <source>C:\</source>
  </sources>
  <packages>
    <package name="CryptoLibrary" line-rate="1" branch-rate="1" complexity="31">
      <classes>
        <class name="Algorithms.AES" filename="Users\ebcak\OneDrive\Masaüstü\Cryopthmw\ce100-hw4-eray-burak-cakir\ce100-hw4-eray-burak-cakir\CryptoLibrary.csproj\Algorithms.cs" line-rate="1" branch-rate="1" complexity="12">
          <methods>
            <method name="ConvertToBinary" signature="(System.String,System.String)" line-rate="1" branch-rate="1" complexity="1">
              <lines>
                <line number="30" hits="7" branch="False" />
                <line number="31" hits="7" branch="False" />
                <line number="32" hits="7" branch="False" />
              </lines>
            </method>
            <method name="TransformFile" signature="(System.String,System.String,System.Int32)" line-rate="1" branch-rate="1" complexity="4">
              <lines>
                <line number="43" hits="10" branch="False" />
                <line number="44" hits="10" branch="True" condition-coverage="100% (2/2)">
                  <conditions>
                    <condition number="7" type="jump" coverage="100%" />
                  </conditions>
                </line>
                <line number="45" hits="6" branch="False" />
                <line number="46" hits="6" branch="False" />
                <line number="47" hits="6" branch="False" />
                <line number="48" hits="6" branch="False" />
                <line number="49" hits="6" branch="False" />
                <line number="50" hits="6" branch="False" />
                <line number="51" hits="6" branch="False" />
                <line number="52" hits="6" branch="False" />
                <line number="53" hits="4" branch="True" condition-coverage="100% (2/2)">
                  <conditions>
                    <condition number="73" type="jump" coverage="100%" />
                  </conditions>
                </line>
                <line number="54" hits="4" branch="False" />
                <line number="55" hits="4" branch="False" />
                <line number="56" hits="4" branch="False" />
                <line number="57" hits="4" branch="False" />
                <line number="58" hits="4" branch="False" />
                <line number="59" hits="4" branch="False" />
                <line number="60" hits="4" branch="False" />
                <line number="62" hits="4" branch="False" />
                <line number="63" hits="4" branch="False" />
                <line number="64" hits="4" branch="False" />
                <line number="66" hits="4" branch="False" />
                <line number="67" hits="4" branch="False" />
                <line number="69" hits="4" branch="False" />
                <line number="70" hits="4" branch="False" />
                <line number="72" hits="4" branch="False" />
                <line number="73" hits="4" branch="False" />
                <line number="74" hits="10" branch="False" />
              </lines>
            </method>
            <method name="BufferSet" signature="(System.Byte[],System.Byte[],System.Byte[])" line-rate="1" branch-rate="1" complexity="1">
              <lines>
                <line number="85" hits="6" branch="False" />
                <line number="86" hits="6" branch="False" />
                <line number="88" hits="6" branch="False" />
                <line number="89" hits="6" branch="False" />
                <line number="90" hits="6" branch="False" />
                <line number="91" hits="6" branch="False" />
                <line number="92" hits="6" branch="False" />
                <line number="93" hits="6" branch="False" />
              </lines>
            </method>
            <method name="EncData" signature="(System.Byte[])" line-rate="1" branch-rate="1" complexity="1">
              <lines>
                <line number="102" hits="6" branch="False" />
                <line number="103" hits="6" branch="False" />
                <line number="104" hits="6" branch="False" />
                <line number="105" hits="6" branch="False" />
                <line number="106" hits="6" branch="False" />
                <line number="107" hits="6" branch="False" />
                <line number="109" hits="6" branch="False" />
                <line number="110" hits="6" branch="False" />
                <line number="111" hits="6" branch="False" />
                <line number="112" hits="6" branch="False" />
                <line number="113" hits="6" branch="False" />
                <line number="114" hits="6" branch="False" />
                <line number="115" hits="6" branch="False" />
                <line number="117" hits="6" branch="False" />
                <line number="120" hits="6" branch="False" />
              </lines>
            </method>
            <method name="DecData" signature="(System.Byte[])" line-rate="1" branch-rate="1" complexity="1">
              <lines>
                <line number="129" hits="4" branch="False" />
                <line number="130" hits="4" branch="False" />
                <line number="131" hits="4" branch="False" />
                <line number="132" hits="4" branch="False" />
                <line number="133" hits="4" branch="False" />
                <line number="134" hits="4" branch="False" />
                <line number="136" hits="4" branch="False" />
                <line number="137" hits="4" branch="False" />
                <line number="138" hits="4" branch="False" />
                <line number="139" hits="4" branch="False" />
                <line number="140" hits="4" branch="False" />
                <line number="141" hits="4" branch="False" />
                <line number="142" hits="4" branch="False" />
                <line number="144" hits="4" branch="False" />
                <line number="147" hits="4" branch="False" />
              </lines>
            </method>
            <method name="CalSha1" signature="(System.Byte[])" line-rate="1" branch-rate="1" complexity="1">
              <lines>
                <line number="157" hits="10" branch="False" />
                <line number="158" hits="10" branch="False" />
                <line number="159" hits="10" branch="False" />
                <line number="160" hits="10" branch="False" />
                <line number="162" hits="10" branch="False" />
              </lines>
            </method>
            <method name="CalSha256" signature="(System.Byte[])" line-rate="1" branch-rate="1" complexity="1">
              <lines>
                <line number="171" hits="14" branch="False" />
                <line number="172" hits="14" branch="False" />
                <line number="173" hits="14" branch="False" />
                <line number="174" hits="14" branch="False" />
                <line number="176" hits="14" branch="False" />
              </lines>
            </method>
            <method name="CompHash" signature="(System.Byte[],System.Byte[])" line-rate="1" branch-rate="1" complexity="1">
              <lines>
                <line number="187" hits="8" branch="False" />
                <line number="188" hits="8" branch="False" />
                <line number="189" hits="8" branch="False" />
              </lines>
            </method>
            <method name=".cctor" signature="()" line-rate="1" branch-rate="1" complexity="1">
              <lines>
                <line number="19" hits="1" branch="False" />
              </lines>
            </method>
          </methods>
          <lines>
            <line number="30" hits="7" branch="False" />
            <line number="31" hits="7" branch="False" />
            <line number="32" hits="7" branch="False" />
            <line number="43" hits="10" branch="False" />
            <line number="44" hits="10" branch="True" condition-coverage="100% (2/2)">
              <conditions>
                <condition number="7" type="jump" coverage="100%" />
              </conditions>
            </line>
            <line number="45" hits="6" branch="False" />
            <line number="46" hits="6" branch="False" />
            <line number="47" hits="6" branch="False" />
            <line number="48" hits="6" branch="False" />
            <line number="49" hits="6" branch="False" />
            <line number="50" hits="6" branch="False" />
            <line number="51" hits="6" branch="False" />
            <line number="52" hits="6" branch="False" />
            <line number="53" hits="4" branch="True" condition-coverage="100% (2/2)">
              <conditions>
                <condition number="73" type="jump" coverage="100%" />
              </conditions>
            </line>
            <line number="54" hits="4" branch="False" />
            <line number="55" hits="4" branch="False" />
            <line number="56" hits="4" branch="False" />
            <line number="57" hits="4" branch="False" />
            <line number="58" hits="4" branch="False" />
            <line number="59" hits="4" branch="False" />
            <line number="60" hits="4" branch="False" />
            <line number="62" hits="4" branch="False" />
            <line number="63" hits="4" branch="False" />
            <line number="64" hits="4" branch="False" />
            <line number="66" hits="4" branch="False" />
            <line number="67" hits="4" branch="False" />
            <line number="69" hits="4" branch="False" />
            <line number="70" hits="4" branch="False" />
            <line number="72" hits="4" branch="False" />
            <line number="73" hits="4" branch="False" />
            <line number="74" hits="10" branch="False" />
            <line number="85" hits="6" branch="False" />
            <line number="86" hits="6" branch="False" />
            <line number="88" hits="6" branch="False" />
            <line number="89" hits="6" branch="False" />
            <line number="90" hits="6" branch="False" />
            <line number="91" hits="6" branch="False" />
            <line number="92" hits="6" branch="False" />
            <line number="93" hits="6" branch="False" />
            <line number="102" hits="6" branch="False" />
            <line number="103" hits="6" branch="False" />
            <line number="104" hits="6" branch="False" />
            <line number="105" hits="6" branch="False" />
            <line number="106" hits="6" branch="False" />
            <line number="107" hits="6" branch="False" />
            <line number="109" hits="6" branch="False" />
            <line number="110" hits="6" branch="False" />
            <line number="111" hits="6" branch="False" />
            <line number="112" hits="6" branch="False" />
            <line number="113" hits="6" branch="False" />
            <line number="114" hits="6" branch="False" />
            <line number="115" hits="6" branch="False" />
            <line number="117" hits="6" branch="False" />
            <line number="120" hits="6" branch="False" />
            <line number="129" hits="4" branch="False" />
            <line number="130" hits="4" branch="False" />
            <line number="131" hits="4" branch="False" />
            <line number="132" hits="4" branch="False" />
            <line number="133" hits="4" branch="False" />
            <line number="134" hits="4" branch="False" />
            <line number="136" hits="4" branch="False" />
            <line number="137" hits="4" branch="False" />
            <line number="138" hits="4" branch="False" />
            <line number="139" hits="4" branch="False" />
            <line number="140" hits="4" branch="False" />
            <line number="141" hits="4" branch="False" />
            <line number="142" hits="4" branch="False" />
            <line number="144" hits="4" branch="False" />
            <line number="147" hits="4" branch="False" />
            <line number="157" hits="10" branch="False" />
            <line number="158" hits="10" branch="False" />
            <line number="159" hits="10" branch="False" />
            <line number="160" hits="10" branch="False" />
            <line number="162" hits="10" branch="False" />
            <line number="171" hits="14" branch="False" />
            <line number="172" hits="14" branch="False" />
            <line number="173" hits="14" branch="False" />
            <line number="174" hits="14" branch="False" />
            <line number="176" hits="14" branch="False" />
            <line number="187" hits="8" branch="False" />
            <line number="188" hits="8" branch="False" />
            <line number="189" hits="8" branch="False" />
            <line number="19" hits="1" branch="False" />
          </lines>
        </class>
        <class name="Algorithms.CRC32" filename="Users\ebcak\OneDrive\Masaüstü\Cryopthmw\ce100-hw4-eray-burak-cakir\ce100-hw4-eray-burak-cakir\CryptoLibrary.csproj\Algorithms.cs" line-rate="1" branch-rate="1" complexity="8">
          <methods>
            <method name="ComputeCRC32" signature="(System.Byte[])" line-rate="1" branch-rate="1" complexity="2">
              <lines>
                <line number="228" hits="1" branch="False" />
                <line number="229" hits="1" branch="False" />
                <line number="230" hits="9" branch="True" condition-coverage="100% (2/2)">
                  <conditions>
                    <condition number="44" type="jump" coverage="100%" />
                  </conditions>
                </line>
                <line number="231" hits="3" branch="False" />
                <line number="232" hits="3" branch="False" />
                <line number="233" hits="3" branch="False" />
                <line number="234" hits="1" branch="False" />
                <line number="235" hits="1" branch="False" />
              </lines>
            </method>
            <method name=".cctor" signature="()" line-rate="1" branch-rate="1" complexity="6">
              <lines>
                <line number="201" hits="1" branch="False" />
                <line number="203" hits="1" branch="False" />
                <line number="206" hits="514" branch="True" condition-coverage="100% (2/2)">
                  <conditions>
                    <condition number="94" type="jump" coverage="100%" />
                  </conditions>
                </line>
                <line number="207" hits="256" branch="False" />
                <line number="208" hits="256" branch="False" />
                <line number="209" hits="4608" branch="True" condition-coverage="100% (2/2)">
                  <conditions>
                    <condition number="67" type="jump" coverage="100%" />
                  </conditions>
                </line>
                <line number="210" hits="2048" branch="False" />
                <line number="211" hits="2048" branch="True" condition-coverage="100% (2/2)">
                  <conditions>
                    <condition number="36" type="jump" coverage="100%" />
                  </conditions>
                </line>
                <line number="212" hits="1024" branch="False" />
                <line number="214" hits="1024" branch="False" />
                <line number="215" hits="2048" branch="False" />
                <line number="216" hits="256" branch="False" />
                <line number="217" hits="256" branch="False" />
                <line number="218" hits="1" branch="False" />
              </lines>
            </method>
          </methods>
          <lines>
            <line number="228" hits="1" branch="False" />
            <line number="229" hits="1" branch="False" />
            <line number="230" hits="9" branch="True" condition-coverage="100% (2/2)">
              <conditions>
                <condition number="44" type="jump" coverage="100%" />
              </conditions>
            </line>
            <line number="231" hits="3" branch="False" />
            <line number="232" hits="3" branch="False" />
            <line number="233" hits="3" branch="False" />
            <line number="234" hits="1" branch="False" />
            <line number="235" hits="1" branch="False" />
            <line number="201" hits="1" branch="False" />
            <line number="203" hits="1" branch="False" />
            <line number="206" hits="514" branch="True" condition-coverage="100% (2/2)">
              <conditions>
                <condition number="94" type="jump" coverage="100%" />
              </conditions>
            </line>
            <line number="207" hits="256" branch="False" />
            <line number="208" hits="256" branch="False" />
            <line number="209" hits="4608" branch="True" condition-coverage="100% (2/2)">
              <conditions>
                <condition number="67" type="jump" coverage="100%" />
              </conditions>
            </line>
            <line number="210" hits="2048" branch="False" />
            <line number="211" hits="2048" branch="True" condition-coverage="100% (2/2)">
              <conditions>
                <condition number="36" type="jump" coverage="100%" />
              </conditions>
            </line>
            <line number="212" hits="1024" branch="False" />
            <line number="214" hits="1024" branch="False" />
            <line number="215" hits="2048" branch="False" />
            <line number="216" hits="256" branch="False" />
            <line number="217" hits="256" branch="False" />
            <line number="218" hits="1" branch="False" />
          </lines>
        </class>
        <class name="Algorithms.MD5Helper" filename="Users\ebcak\OneDrive\Masaüstü\Cryopthmw\ce100-hw4-eray-burak-cakir\ce100-hw4-eray-burak-cakir\CryptoLibrary.csproj\Algorithms.cs" line-rate="1" branch-rate="1" complexity="4">
          <methods>
            <method name="ComputeMD5" signature="(System.Byte[])" line-rate="1" branch-rate="1" complexity="1">
              <lines>
                <line number="248" hits="1" branch="False" />
                <line number="249" hits="1" branch="False" />
                <line number="250" hits="1" branch="False" />
              </lines>
            </method>
            <method name="ByteArrayToHex" signature="(System.Byte[])" line-rate="1" branch-rate="1" complexity="2">
              <lines>
                <line number="258" hits="2" branch="False" />
                <line number="259" hits="2" branch="False" />
                <line number="260" hits="44" branch="True" condition-coverage="100% (2/2)">
                  <conditions>
                    <condition number="52" type="jump" coverage="100%" />
                  </conditions>
                </line>
                <line number="261" hits="19" branch="False" />
                <line number="262" hits="19" branch="False" />
                <line number="263" hits="19" branch="False" />
                <line number="264" hits="2" branch="False" />
                <line number="265" hits="2" branch="False" />
              </lines>
            </method>
            <method name=".cctor" signature="()" line-rate="1" branch-rate="1" complexity="1">
              <lines>
                <line number="240" hits="1" branch="False" />
              </lines>
            </method>
          </methods>
          <lines>
            <line number="248" hits="1" branch="False" />
            <line number="249" hits="1" branch="False" />
            <line number="250" hits="1" branch="False" />
            <line number="258" hits="2" branch="False" />
            <line number="259" hits="2" branch="False" />
            <line number="260" hits="44" branch="True" condition-coverage="100% (2/2)">
              <conditions>
                <condition number="52" type="jump" coverage="100%" />
              </conditions>
            </line>
            <line number="261" hits="19" branch="False" />
            <line number="262" hits="19" branch="False" />
            <line number="263" hits="19" branch="False" />
            <line number="264" hits="2" branch="False" />
            <line number="265" hits="2" branch="False" />
            <line number="240" hits="1" branch="False" />
          </lines>
        </class>
        <class name="Algorithms.DESHelper" filename="Users\ebcak\OneDrive\Masaüstü\Cryopthmw\ce100-hw4-eray-burak-cakir\ce100-hw4-eray-burak-cakir\CryptoLibrary.csproj\Algorithms.cs" line-rate="1" branch-rate="1" complexity="3">
          <methods>
            <method name="Encrypt" signature="(System.String)" line-rate="1" branch-rate="1" complexity="1">
              <lines>
                <line number="289" hits="5" branch="False" />
                <line number="290" hits="5" branch="False" />
                <line number="292" hits="5" branch="False" />
                <line number="293" hits="5" branch="False" />
                <line number="294" hits="5" branch="False" />
                <line number="295" hits="5" branch="False" />
                <line number="296" hits="5" branch="False" />
                <line number="298" hits="5" branch="False" />
                <line number="299" hits="5" branch="False" />
                <line number="300" hits="5" branch="False" />
                <line number="301" hits="5" branch="False" />
                <line number="304" hits="5" branch="False" />
              </lines>
            </method>
            <method name="Decrypt" signature="(System.String)" line-rate="1" branch-rate="1" complexity="1">
              <lines>
                <line number="314" hits="3" branch="False" />
                <line number="315" hits="3" branch="False" />
                <line number="317" hits="3" branch="False" />
                <line number="318" hits="3" branch="False" />
                <line number="319" hits="3" branch="False" />
                <line number="320" hits="3" branch="False" />
                <line number="321" hits="3" branch="False" />
                <line number="323" hits="3" branch="False" />
                <line number="324" hits="3" branch="False" />
                <line number="325" hits="3" branch="False" />
                <line number="326" hits="3" branch="False" />
                <line number="329" hits="3" branch="False" />
              </lines>
            </method>
            <method name=".ctor" signature="(System.String)" line-rate="1" branch-rate="1" complexity="1">
              <lines>
                <line number="276" hits="6" branch="False" />
                <line number="277" hits="6" branch="False" />
                <line number="279" hits="6" branch="False" />
                <line number="280" hits="6" branch="False" />
              </lines>
            </method>
          </methods>
          <lines>
            <line number="289" hits="5" branch="False" />
            <line number="290" hits="5" branch="False" />
            <line number="292" hits="5" branch="False" />
            <line number="293" hits="5" branch="False" />
            <line number="294" hits="5" branch="False" />
            <line number="295" hits="5" branch="False" />
            <line number="296" hits="5" branch="False" />
            <line number="298" hits="5" branch="False" />
            <line number="299" hits="5" branch="False" />
            <line number="300" hits="5" branch="False" />
            <line number="301" hits="5" branch="False" />
            <line number="304" hits="5" branch="False" />
            <line number="314" hits="3" branch="False" />
            <line number="315" hits="3" branch="False" />
            <line number="317" hits="3" branch="False" />
            <line number="318" hits="3" branch="False" />
            <line number="319" hits="3" branch="False" />
            <line number="320" hits="3" branch="False" />
            <line number="321" hits="3" branch="False" />
            <line number="323" hits="3" branch="False" />
            <line number="324" hits="3" branch="False" />
            <line number="325" hits="3" branch="False" />
            <line number="326" hits="3" branch="False" />
            <line number="329" hits="3" branch="False" />
            <line number="276" hits="6" branch="False" />
            <line number="277" hits="6" branch="False" />
            <line number="279" hits="6" branch="False" />
            <line number="280" hits="6" branch="False" />
          </lines>
        </class>
        <class name="Algorithms.HOTP" filename="Users\ebcak\OneDrive\Masaüstü\Cryopthmw\ce100-hw4-eray-burak-cakir\ce100-hw4-eray-burak-cakir\CryptoLibrary.csproj\Algorithms.cs" line-rate="1" branch-rate="1" complexity="4">
          <methods>
            <method name="GenerateHotp" signature="(System.Byte[],System.Int64,System.Int32)" line-rate="1" branch-rate="1" complexity="2">
              <lines>
                <line number="347" hits="1" branch="False" />
                <line number="348" hits="1" branch="False" />
                <line number="349" hits="1" branch="False" />
                <line number="350" hits="1" branch="True" condition-coverage="100% (2/2)">
                  <conditions>
                    <condition number="24" type="jump" coverage="100%" />
                  </conditions>
                </line>
                <line number="351" hits="1" branch="False" />
                <line number="352" hits="1" branch="False" />
                <line number="353" hits="1" branch="False" />
                <line number="355" hits="1" branch="False" />
                <line number="356" hits="1" branch="False" />
                <line number="358" hits="1" branch="False" />
                <line number="359" hits="1" branch="False" />
                <line number="360" hits="1" branch="False" />
                <line number="361" hits="1" branch="False" />
                <line number="363" hits="1" branch="False" />
                <line number="364" hits="1" branch="False" />
              </lines>
            </method>
            <method name="GetPowerOfTen" signature="(System.Int32)" line-rate="1" branch-rate="1" complexity="2">
              <lines>
                <line number="373" hits="1" branch="False" />
                <line number="374" hits="1" branch="False" />
                <line number="375" hits="14" branch="True" condition-coverage="100% (2/2)">
                  <conditions>
                    <condition number="24" type="jump" coverage="100%" />
                  </conditions>
                </line>
                <line number="376" hits="6" branch="False" />
                <line number="377" hits="6" branch="False" />
                <line number="378" hits="6" branch="False" />
                <line number="379" hits="1" branch="False" />
                <line number="380" hits="1" branch="False" />
              </lines>
            </method>
          </methods>
          <lines>
            <line number="347" hits="1" branch="False" />
            <line number="348" hits="1" branch="False" />
            <line number="349" hits="1" branch="False" />
            <line number="350" hits="1" branch="True" condition-coverage="100% (2/2)">
              <conditions>
                <condition number="24" type="jump" coverage="100%" />
              </conditions>
            </line>
            <line number="351" hits="1" branch="False" />
            <line number="352" hits="1" branch="False" />
            <line number="353" hits="1" branch="False" />
            <line number="355" hits="1" branch="False" />
            <line number="356" hits="1" branch="False" />
            <line number="358" hits="1" branch="False" />
            <line number="359" hits="1" branch="False" />
            <line number="360" hits="1" branch="False" />
            <line number="361" hits="1" branch="False" />
            <line number="363" hits="1" branch="False" />
            <line number="364" hits="1" branch="False" />
            <line number="373" hits="1" branch="False" />
            <line number="374" hits="1" branch="False" />
            <line number="375" hits="14" branch="True" condition-coverage="100% (2/2)">
              <conditions>
                <condition number="24" type="jump" coverage="100%" />
              </conditions>
            </line>
            <line number="376" hits="6" branch="False" />
            <line number="377" hits="6" branch="False" />
            <line number="378" hits="6" branch="False" />
            <line number="379" hits="1" branch="False" />
            <line number="380" hits="1" branch="False" />
          </lines>
        </class>
      </classes>
    </package>
  </packages>
</coverage>